[2017-11-18 18:18:19] local.ERROR: SQLSTATE[HY000] [1045] Access denied for user 'homestead'@'localhost' (using password: YES) {"exception":"[object] (PDOException(code: 1045): SQLSTATE[HY000] [1045] Access denied for user 'homestead'@'localhost' (using password: YES) at /home/fahmi/belajar-laravel/repair-phone/vendor/laravel/framework/src/Illuminate/Database/Connectors/Connector.php:67)
[stacktrace]
#0 /home/fahmi/belajar-laravel/repair-phone/vendor/laravel/framework/src/Illuminate/Database/Connectors/Connector.php(67): PDO->__construct('mysql:host=127....', 'homestead', 'secret', Array)
#1 /home/fahmi/belajar-laravel/repair-phone/vendor/laravel/framework/src/Illuminate/Database/Connectors/Connector.php(43): Illuminate\\Database\\Connectors\\Connector->createPdoConnection('mysql:host=127....', 'homestead', 'secret', Array)
#2 /home/fahmi/belajar-laravel/repair-phone/vendor/laravel/framework/src/Illuminate/Database/Connectors/MySqlConnector.php(24): Illuminate\\Database\\Connectors\\Connector->createConnection('mysql:host=127....', Array, Array)
#3 /home/fahmi/belajar-laravel/repair-phone/vendor/laravel/framework/src/Illuminate/Database/Connectors/ConnectionFactory.php(183): Illuminate\\Database\\Connectors\\MySqlConnector->connect(Array)
#4 [internal function]: Illuminate\\Database\\Connectors\\ConnectionFactory->Illuminate\\Database\\Connectors\\{closure}()
#5 /home/fahmi/belajar-laravel/repair-phone/vendor/laravel/framework/src/Illuminate/Database/Connection.php(915): call_user_func(Object(Closure))
#6 /home/fahmi/belajar-laravel/repair-phone/vendor/laravel/framework/src/Illuminate/Database/Connection.php(940): Illuminate\\Database\\Connection->getPdo()
#7 /home/fahmi/belajar-laravel/repair-phone/vendor/laravel/framework/src/Illuminate/Database/Connection.php(399): Illuminate\\Database\\Connection->getReadPdo()
#8 /home/fahmi/belajar-laravel/repair-phone/vendor/laravel/framework/src/Illuminate/Database/Connection.php(325): Illuminate\\Database\\Connection->getPdoForSelect(true)
#9 /home/fahmi/belajar-laravel/repair-phone/vendor/laravel/framework/src/Illuminate/Database/Connection.php(657): Illuminate\\Database\\Connection->Illuminate\\Database\\{closure}('select * from i...', Array)
#10 /home/fahmi/belajar-laravel/repair-phone/vendor/laravel/framework/src/Illuminate/Database/Connection.php(624): Illuminate\\Database\\Connection->runQueryCallback('select * from i...', Array, Object(Closure))
#11 /home/fahmi/belajar-laravel/repair-phone/vendor/laravel/framework/src/Illuminate/Database/Connection.php(333): Illuminate\\Database\\Connection->run('select * from i...', Array, Object(Closure))
#12 /home/fahmi/belajar-laravel/repair-phone/vendor/laravel/framework/src/Illuminate/Database/Schema/MySqlBuilder.php(18): Illuminate\\Database\\Connection->select('select * from i...', Array)
#13 /home/fahmi/belajar-laravel/repair-phone/vendor/laravel/framework/src/Illuminate/Database/Migrations/DatabaseMigrationRepository.php(156): Illuminate\\Database\\Schema\\MySqlBuilder->hasTable('migrations')
#14 /home/fahmi/belajar-laravel/repair-phone/vendor/laravel/framework/src/Illuminate/Database/Migrations/Migrator.php(544): Illuminate\\Database\\Migrations\\DatabaseMigrationRepository->repositoryExists()
#15 /home/fahmi/belajar-laravel/repair-phone/vendor/laravel/framework/src/Illuminate/Database/Console/Migrations/MigrateCommand.php(96): Illuminate\\Database\\Migrations\\Migrator->repositoryExists()
#16 /home/fahmi/belajar-laravel/repair-phone/vendor/laravel/framework/src/Illuminate/Database/Console/Migrations/MigrateCommand.php(62): Illuminate\\Database\\Console\\Migrations\\MigrateCommand->prepareDatabase()
#17 [internal function]: Illuminate\\Database\\Console\\Migrations\\MigrateCommand->handle()
#18 /home/fahmi/belajar-laravel/repair-phone/vendor/laravel/framework/src/Illuminate/Container/BoundMethod.php(29): call_user_func_array(Array, Array)
#19 /home/fahmi/belajar-laravel/repair-phone/vendor/laravel/framework/src/Illuminate/Container/BoundMethod.php(87): Illuminate\\Container\\BoundMethod::Illuminate\\Container\\{closure}()
#20 /home/fahmi/belajar-laravel/repair-phone/vendor/laravel/framework/src/Illuminate/Container/BoundMethod.php(31): Illuminate\\Container\\BoundMethod::callBoundMethod(Object(Illuminate\\Foundation\\Application), Array, Object(Closure))
#21 /home/fahmi/belajar-laravel/repair-phone/vendor/laravel/framework/src/Illuminate/Container/Container.php(549): Illuminate\\Container\\BoundMethod::call(Object(Illuminate\\Foundation\\Application), Array, Array, NULL)
#22 /home/fahmi/belajar-laravel/repair-phone/vendor/laravel/framework/src/Illuminate/Console/Command.php(180): Illuminate\\Container\\Container->call(Array)
#23 /home/fahmi/belajar-laravel/repair-phone/vendor/symfony/console/Command/Command.php(262): Illuminate\\Console\\Command->execute(Object(Symfony\\Component\\Console\\Input\\ArgvInput), Object(Illuminate\\Console\\OutputStyle))
#24 /home/fahmi/belajar-laravel/repair-phone/vendor/laravel/framework/src/Illuminate/Console/Command.php(167): Symfony\\Component\\Console\\Command\\Command->run(Object(Symfony\\Component\\Console\\Input\\ArgvInput), Object(Illuminate\\Console\\OutputStyle))
#25 /home/fahmi/belajar-laravel/repair-phone/vendor/symfony/console/Application.php(888): Illuminate\\Console\\Command->run(Object(Symfony\\Component\\Console\\Input\\ArgvInput), Object(Symfony\\Component\\Console\\Output\\ConsoleOutput))
#26 /home/fahmi/belajar-laravel/repair-phone/vendor/symfony/console/Application.php(224): Symfony\\Component\\Console\\Application->doRunCommand(Object(Illuminate\\Database\\Console\\Migrations\\MigrateCommand), Object(Symfony\\Component\\Console\\Input\\ArgvInput), Object(Symfony\\Component\\Console\\Output\\ConsoleOutput))
#27 /home/fahmi/belajar-laravel/repair-phone/vendor/symfony/console/Application.php(125): Symfony\\Component\\Console\\Application->doRun(Object(Symfony\\Component\\Console\\Input\\ArgvInput), Object(Symfony\\Component\\Console\\Output\\ConsoleOutput))
#28 /home/fahmi/belajar-laravel/repair-phone/vendor/laravel/framework/src/Illuminate/Console/Application.php(88): Symfony\\Component\\Console\\Application->run(Object(Symfony\\Component\\Console\\Input\\ArgvInput), Object(Symfony\\Component\\Console\\Output\\ConsoleOutput))
#29 /home/fahmi/belajar-laravel/repair-phone/vendor/laravel/framework/src/Illuminate/Foundation/Console/Kernel.php(121): Illuminate\\Console\\Application->run(Object(Symfony\\Component\\Console\\Input\\ArgvInput), Object(Symfony\\Component\\Console\\Output\\ConsoleOutput))
#30 /home/fahmi/belajar-laravel/repair-phone/artisan(37): Illuminate\\Foundation\\Console\\Kernel->handle(Object(Symfony\\Component\\Console\\Input\\ArgvInput), Object(Symfony\\Component\\Console\\Output\\ConsoleOutput))
#31 {main}
"} 
[2017-11-18 18:18:19] local.ERROR: SQLSTATE[HY000] [1045] Access denied for user 'homestead'@'localhost' (using password: YES) (SQL: select * from information_schema.tables where table_schema = homestead and table_name = migrations) {"exception":"[object] (Illuminate\\Database\\QueryException(code: 1045): SQLSTATE[HY000] [1045] Access denied for user 'homestead'@'localhost' (using password: YES) (SQL: select * from information_schema.tables where table_schema = homestead and table_name = migrations) at /home/fahmi/belajar-laravel/repair-phone/vendor/laravel/framework/src/Illuminate/Database/Connection.php:664, PDOException(code: 1045): SQLSTATE[HY000] [1045] Access denied for user 'homestead'@'localhost' (using password: YES) at /home/fahmi/belajar-laravel/repair-phone/vendor/laravel/framework/src/Illuminate/Database/Connectors/Connector.php:67)
[stacktrace]
#0 /home/fahmi/belajar-laravel/repair-phone/vendor/laravel/framework/src/Illuminate/Database/Connection.php(624): Illuminate\\Database\\Connection->runQueryCallback('select * from i...', Array, Object(Closure))
#1 /home/fahmi/belajar-laravel/repair-phone/vendor/laravel/framework/src/Illuminate/Database/Connection.php(333): Illuminate\\Database\\Connection->run('select * from i...', Array, Object(Closure))
#2 /home/fahmi/belajar-laravel/repair-phone/vendor/laravel/framework/src/Illuminate/Database/Schema/MySqlBuilder.php(18): Illuminate\\Database\\Connection->select('select * from i...', Array)
#3 /home/fahmi/belajar-laravel/repair-phone/vendor/laravel/framework/src/Illuminate/Database/Migrations/DatabaseMigrationRepository.php(156): Illuminate\\Database\\Schema\\MySqlBuilder->hasTable('migrations')
#4 /home/fahmi/belajar-laravel/repair-phone/vendor/laravel/framework/src/Illuminate/Database/Migrations/Migrator.php(544): Illuminate\\Database\\Migrations\\DatabaseMigrationRepository->repositoryExists()
#5 /home/fahmi/belajar-laravel/repair-phone/vendor/laravel/framework/src/Illuminate/Database/Console/Migrations/MigrateCommand.php(96): Illuminate\\Database\\Migrations\\Migrator->repositoryExists()
#6 /home/fahmi/belajar-laravel/repair-phone/vendor/laravel/framework/src/Illuminate/Database/Console/Migrations/MigrateCommand.php(62): Illuminate\\Database\\Console\\Migrations\\MigrateCommand->prepareDatabase()
#7 [internal function]: Illuminate\\Database\\Console\\Migrations\\MigrateCommand->handle()
#8 /home/fahmi/belajar-laravel/repair-phone/vendor/laravel/framework/src/Illuminate/Container/BoundMethod.php(29): call_user_func_array(Array, Array)
#9 /home/fahmi/belajar-laravel/repair-phone/vendor/laravel/framework/src/Illuminate/Container/BoundMethod.php(87): Illuminate\\Container\\BoundMethod::Illuminate\\Container\\{closure}()
#10 /home/fahmi/belajar-laravel/repair-phone/vendor/laravel/framework/src/Illuminate/Container/BoundMethod.php(31): Illuminate\\Container\\BoundMethod::callBoundMethod(Object(Illuminate\\Foundation\\Application), Array, Object(Closure))
#11 /home/fahmi/belajar-laravel/repair-phone/vendor/laravel/framework/src/Illuminate/Container/Container.php(549): Illuminate\\Container\\BoundMethod::call(Object(Illuminate\\Foundation\\Application), Array, Array, NULL)
#12 /home/fahmi/belajar-laravel/repair-phone/vendor/laravel/framework/src/Illuminate/Console/Command.php(180): Illuminate\\Container\\Container->call(Array)
#13 /home/fahmi/belajar-laravel/repair-phone/vendor/symfony/console/Command/Command.php(262): Illuminate\\Console\\Command->execute(Object(Symfony\\Component\\Console\\Input\\ArgvInput), Object(Illuminate\\Console\\OutputStyle))
#14 /home/fahmi/belajar-laravel/repair-phone/vendor/laravel/framework/src/Illuminate/Console/Command.php(167): Symfony\\Component\\Console\\Command\\Command->run(Object(Symfony\\Component\\Console\\Input\\ArgvInput), Object(Illuminate\\Console\\OutputStyle))
#15 /home/fahmi/belajar-laravel/repair-phone/vendor/symfony/console/Application.php(888): Illuminate\\Console\\Command->run(Object(Symfony\\Component\\Console\\Input\\ArgvInput), Object(Symfony\\Component\\Console\\Output\\ConsoleOutput))
#16 /home/fahmi/belajar-laravel/repair-phone/vendor/symfony/console/Application.php(224): Symfony\\Component\\Console\\Application->doRunCommand(Object(Illuminate\\Database\\Console\\Migrations\\MigrateCommand), Object(Symfony\\Component\\Console\\Input\\ArgvInput), Object(Symfony\\Component\\Console\\Output\\ConsoleOutput))
#17 /home/fahmi/belajar-laravel/repair-phone/vendor/symfony/console/Application.php(125): Symfony\\Component\\Console\\Application->doRun(Object(Symfony\\Component\\Console\\Input\\ArgvInput), Object(Symfony\\Component\\Console\\Output\\ConsoleOutput))
#18 /home/fahmi/belajar-laravel/repair-phone/vendor/laravel/framework/src/Illuminate/Console/Application.php(88): Symfony\\Component\\Console\\Application->run(Object(Symfony\\Component\\Console\\Input\\ArgvInput), Object(Symfony\\Component\\Console\\Output\\ConsoleOutput))
#19 /home/fahmi/belajar-laravel/repair-phone/vendor/laravel/framework/src/Illuminate/Foundation/Console/Kernel.php(121): Illuminate\\Console\\Application->run(Object(Symfony\\Component\\Console\\Input\\ArgvInput), Object(Symfony\\Component\\Console\\Output\\ConsoleOutput))
#20 /home/fahmi/belajar-laravel/repair-phone/artisan(37): Illuminate\\Foundation\\Console\\Kernel->handle(Object(Symfony\\Component\\Console\\Input\\ArgvInput), Object(Symfony\\Component\\Console\\Output\\ConsoleOutput))
#21 {main}
"} 
[2017-11-18 18:25:34] local.ERROR: SQLSTATE[HY000] [1045] Access denied for user 'homestead'@'localhost' (using password: YES) {"exception":"[object] (PDOException(code: 1045): SQLSTATE[HY000] [1045] Access denied for user 'homestead'@'localhost' (using password: YES) at /home/fahmi/belajar-laravel/repair-phone/vendor/laravel/framework/src/Illuminate/Database/Connectors/Connector.php:67)
[stacktrace]
#0 /home/fahmi/belajar-laravel/repair-phone/vendor/laravel/framework/src/Illuminate/Database/Connectors/Connector.php(67): PDO->__construct('mysql:host=127....', 'homestead', 'secret', Array)
#1 /home/fahmi/belajar-laravel/repair-phone/vendor/laravel/framework/src/Illuminate/Database/Connectors/Connector.php(43): Illuminate\\Database\\Connectors\\Connector->createPdoConnection('mysql:host=127....', 'homestead', 'secret', Array)
#2 /home/fahmi/belajar-laravel/repair-phone/vendor/laravel/framework/src/Illuminate/Database/Connectors/MySqlConnector.php(24): Illuminate\\Database\\Connectors\\Connector->createConnection('mysql:host=127....', Array, Array)
#3 /home/fahmi/belajar-laravel/repair-phone/vendor/laravel/framework/src/Illuminate/Database/Connectors/ConnectionFactory.php(183): Illuminate\\Database\\Connectors\\MySqlConnector->connect(Array)
#4 [internal function]: Illuminate\\Database\\Connectors\\ConnectionFactory->Illuminate\\Database\\Connectors\\{closure}()
#5 /home/fahmi/belajar-laravel/repair-phone/vendor/laravel/framework/src/Illuminate/Database/Connection.php(915): call_user_func(Object(Closure))
#6 /home/fahmi/belajar-laravel/repair-phone/vendor/laravel/framework/src/Illuminate/Database/Connection.php(940): Illuminate\\Database\\Connection->getPdo()
#7 /home/fahmi/belajar-laravel/repair-phone/vendor/laravel/framework/src/Illuminate/Database/Connection.php(399): Illuminate\\Database\\Connection->getReadPdo()
#8 /home/fahmi/belajar-laravel/repair-phone/vendor/laravel/framework/src/Illuminate/Database/Connection.php(325): Illuminate\\Database\\Connection->getPdoForSelect(true)
#9 /home/fahmi/belajar-laravel/repair-phone/vendor/laravel/framework/src/Illuminate/Database/Connection.php(657): Illuminate\\Database\\Connection->Illuminate\\Database\\{closure}('select * from i...', Array)
#10 /home/fahmi/belajar-laravel/repair-phone/vendor/laravel/framework/src/Illuminate/Database/Connection.php(624): Illuminate\\Database\\Connection->runQueryCallback('select * from i...', Array, Object(Closure))
#11 /home/fahmi/belajar-laravel/repair-phone/vendor/laravel/framework/src/Illuminate/Database/Connection.php(333): Illuminate\\Database\\Connection->run('select * from i...', Array, Object(Closure))
#12 /home/fahmi/belajar-laravel/repair-phone/vendor/laravel/framework/src/Illuminate/Database/Schema/MySqlBuilder.php(18): Illuminate\\Database\\Connection->select('select * from i...', Array)
#13 /home/fahmi/belajar-laravel/repair-phone/vendor/laravel/framework/src/Illuminate/Database/Migrations/DatabaseMigrationRepository.php(156): Illuminate\\Database\\Schema\\MySqlBuilder->hasTable('migrations')
#14 /home/fahmi/belajar-laravel/repair-phone/vendor/laravel/framework/src/Illuminate/Database/Migrations/Migrator.php(544): Illuminate\\Database\\Migrations\\DatabaseMigrationRepository->repositoryExists()
#15 /home/fahmi/belajar-laravel/repair-phone/vendor/laravel/framework/src/Illuminate/Database/Console/Migrations/MigrateCommand.php(96): Illuminate\\Database\\Migrations\\Migrator->repositoryExists()
#16 /home/fahmi/belajar-laravel/repair-phone/vendor/laravel/framework/src/Illuminate/Database/Console/Migrations/MigrateCommand.php(62): Illuminate\\Database\\Console\\Migrations\\MigrateCommand->prepareDatabase()
#17 [internal function]: Illuminate\\Database\\Console\\Migrations\\MigrateCommand->handle()
#18 /home/fahmi/belajar-laravel/repair-phone/vendor/laravel/framework/src/Illuminate/Container/BoundMethod.php(29): call_user_func_array(Array, Array)
#19 /home/fahmi/belajar-laravel/repair-phone/vendor/laravel/framework/src/Illuminate/Container/BoundMethod.php(87): Illuminate\\Container\\BoundMethod::Illuminate\\Container\\{closure}()
#20 /home/fahmi/belajar-laravel/repair-phone/vendor/laravel/framework/src/Illuminate/Container/BoundMethod.php(31): Illuminate\\Container\\BoundMethod::callBoundMethod(Object(Illuminate\\Foundation\\Application), Array, Object(Closure))
#21 /home/fahmi/belajar-laravel/repair-phone/vendor/laravel/framework/src/Illuminate/Container/Container.php(549): Illuminate\\Container\\BoundMethod::call(Object(Illuminate\\Foundation\\Application), Array, Array, NULL)
#22 /home/fahmi/belajar-laravel/repair-phone/vendor/laravel/framework/src/Illuminate/Console/Command.php(180): Illuminate\\Container\\Container->call(Array)
#23 /home/fahmi/belajar-laravel/repair-phone/vendor/symfony/console/Command/Command.php(262): Illuminate\\Console\\Command->execute(Object(Symfony\\Component\\Console\\Input\\ArgvInput), Object(Illuminate\\Console\\OutputStyle))
#24 /home/fahmi/belajar-laravel/repair-phone/vendor/laravel/framework/src/Illuminate/Console/Command.php(167): Symfony\\Component\\Console\\Command\\Command->run(Object(Symfony\\Component\\Console\\Input\\ArgvInput), Object(Illuminate\\Console\\OutputStyle))
#25 /home/fahmi/belajar-laravel/repair-phone/vendor/symfony/console/Application.php(888): Illuminate\\Console\\Command->run(Object(Symfony\\Component\\Console\\Input\\ArgvInput), Object(Symfony\\Component\\Console\\Output\\ConsoleOutput))
#26 /home/fahmi/belajar-laravel/repair-phone/vendor/symfony/console/Application.php(224): Symfony\\Component\\Console\\Application->doRunCommand(Object(Illuminate\\Database\\Console\\Migrations\\MigrateCommand), Object(Symfony\\Component\\Console\\Input\\ArgvInput), Object(Symfony\\Component\\Console\\Output\\ConsoleOutput))
#27 /home/fahmi/belajar-laravel/repair-phone/vendor/symfony/console/Application.php(125): Symfony\\Component\\Console\\Application->doRun(Object(Symfony\\Component\\Console\\Input\\ArgvInput), Object(Symfony\\Component\\Console\\Output\\ConsoleOutput))
#28 /home/fahmi/belajar-laravel/repair-phone/vendor/laravel/framework/src/Illuminate/Console/Application.php(88): Symfony\\Component\\Console\\Application->run(Object(Symfony\\Component\\Console\\Input\\ArgvInput), Object(Symfony\\Component\\Console\\Output\\ConsoleOutput))
#29 /home/fahmi/belajar-laravel/repair-phone/vendor/laravel/framework/src/Illuminate/Foundation/Console/Kernel.php(121): Illuminate\\Console\\Application->run(Object(Symfony\\Component\\Console\\Input\\ArgvInput), Object(Symfony\\Component\\Console\\Output\\ConsoleOutput))
#30 /home/fahmi/belajar-laravel/repair-phone/artisan(37): Illuminate\\Foundation\\Console\\Kernel->handle(Object(Symfony\\Component\\Console\\Input\\ArgvInput), Object(Symfony\\Component\\Console\\Output\\ConsoleOutput))
#31 {main}
"} 
[2017-11-18 18:25:34] local.ERROR: SQLSTATE[HY000] [1045] Access denied for user 'homestead'@'localhost' (using password: YES) (SQL: select * from information_schema.tables where table_schema = homestead and table_name = migrations) {"exception":"[object] (Illuminate\\Database\\QueryException(code: 1045): SQLSTATE[HY000] [1045] Access denied for user 'homestead'@'localhost' (using password: YES) (SQL: select * from information_schema.tables where table_schema = homestead and table_name = migrations) at /home/fahmi/belajar-laravel/repair-phone/vendor/laravel/framework/src/Illuminate/Database/Connection.php:664, PDOException(code: 1045): SQLSTATE[HY000] [1045] Access denied for user 'homestead'@'localhost' (using password: YES) at /home/fahmi/belajar-laravel/repair-phone/vendor/laravel/framework/src/Illuminate/Database/Connectors/Connector.php:67)
[stacktrace]
#0 /home/fahmi/belajar-laravel/repair-phone/vendor/laravel/framework/src/Illuminate/Database/Connection.php(624): Illuminate\\Database\\Connection->runQueryCallback('select * from i...', Array, Object(Closure))
#1 /home/fahmi/belajar-laravel/repair-phone/vendor/laravel/framework/src/Illuminate/Database/Connection.php(333): Illuminate\\Database\\Connection->run('select * from i...', Array, Object(Closure))
#2 /home/fahmi/belajar-laravel/repair-phone/vendor/laravel/framework/src/Illuminate/Database/Schema/MySqlBuilder.php(18): Illuminate\\Database\\Connection->select('select * from i...', Array)
#3 /home/fahmi/belajar-laravel/repair-phone/vendor/laravel/framework/src/Illuminate/Database/Migrations/DatabaseMigrationRepository.php(156): Illuminate\\Database\\Schema\\MySqlBuilder->hasTable('migrations')
#4 /home/fahmi/belajar-laravel/repair-phone/vendor/laravel/framework/src/Illuminate/Database/Migrations/Migrator.php(544): Illuminate\\Database\\Migrations\\DatabaseMigrationRepository->repositoryExists()
#5 /home/fahmi/belajar-laravel/repair-phone/vendor/laravel/framework/src/Illuminate/Database/Console/Migrations/MigrateCommand.php(96): Illuminate\\Database\\Migrations\\Migrator->repositoryExists()
#6 /home/fahmi/belajar-laravel/repair-phone/vendor/laravel/framework/src/Illuminate/Database/Console/Migrations/MigrateCommand.php(62): Illuminate\\Database\\Console\\Migrations\\MigrateCommand->prepareDatabase()
#7 [internal function]: Illuminate\\Database\\Console\\Migrations\\MigrateCommand->handle()
#8 /home/fahmi/belajar-laravel/repair-phone/vendor/laravel/framework/src/Illuminate/Container/BoundMethod.php(29): call_user_func_array(Array, Array)
#9 /home/fahmi/belajar-laravel/repair-phone/vendor/laravel/framework/src/Illuminate/Container/BoundMethod.php(87): Illuminate\\Container\\BoundMethod::Illuminate\\Container\\{closure}()
#10 /home/fahmi/belajar-laravel/repair-phone/vendor/laravel/framework/src/Illuminate/Container/BoundMethod.php(31): Illuminate\\Container\\BoundMethod::callBoundMethod(Object(Illuminate\\Foundation\\Application), Array, Object(Closure))
#11 /home/fahmi/belajar-laravel/repair-phone/vendor/laravel/framework/src/Illuminate/Container/Container.php(549): Illuminate\\Container\\BoundMethod::call(Object(Illuminate\\Foundation\\Application), Array, Array, NULL)
#12 /home/fahmi/belajar-laravel/repair-phone/vendor/laravel/framework/src/Illuminate/Console/Command.php(180): Illuminate\\Container\\Container->call(Array)
#13 /home/fahmi/belajar-laravel/repair-phone/vendor/symfony/console/Command/Command.php(262): Illuminate\\Console\\Command->execute(Object(Symfony\\Component\\Console\\Input\\ArgvInput), Object(Illuminate\\Console\\OutputStyle))
#14 /home/fahmi/belajar-laravel/repair-phone/vendor/laravel/framework/src/Illuminate/Console/Command.php(167): Symfony\\Component\\Console\\Command\\Command->run(Object(Symfony\\Component\\Console\\Input\\ArgvInput), Object(Illuminate\\Console\\OutputStyle))
#15 /home/fahmi/belajar-laravel/repair-phone/vendor/symfony/console/Application.php(888): Illuminate\\Console\\Command->run(Object(Symfony\\Component\\Console\\Input\\ArgvInput), Object(Symfony\\Component\\Console\\Output\\ConsoleOutput))
#16 /home/fahmi/belajar-laravel/repair-phone/vendor/symfony/console/Application.php(224): Symfony\\Component\\Console\\Application->doRunCommand(Object(Illuminate\\Database\\Console\\Migrations\\MigrateCommand), Object(Symfony\\Component\\Console\\Input\\ArgvInput), Object(Symfony\\Component\\Console\\Output\\ConsoleOutput))
#17 /home/fahmi/belajar-laravel/repair-phone/vendor/symfony/console/Application.php(125): Symfony\\Component\\Console\\Application->doRun(Object(Symfony\\Component\\Console\\Input\\ArgvInput), Object(Symfony\\Component\\Console\\Output\\ConsoleOutput))
#18 /home/fahmi/belajar-laravel/repair-phone/vendor/laravel/framework/src/Illuminate/Console/Application.php(88): Symfony\\Component\\Console\\Application->run(Object(Symfony\\Component\\Console\\Input\\ArgvInput), Object(Symfony\\Component\\Console\\Output\\ConsoleOutput))
#19 /home/fahmi/belajar-laravel/repair-phone/vendor/laravel/framework/src/Illuminate/Foundation/Console/Kernel.php(121): Illuminate\\Console\\Application->run(Object(Symfony\\Component\\Console\\Input\\ArgvInput), Object(Symfony\\Component\\Console\\Output\\ConsoleOutput))
#20 /home/fahmi/belajar-laravel/repair-phone/artisan(37): Illuminate\\Foundation\\Console\\Kernel->handle(Object(Symfony\\Component\\Console\\Input\\ArgvInput), Object(Symfony\\Component\\Console\\Output\\ConsoleOutput))
#21 {main}
"} 
[2017-11-18 18:31:09] local.ERROR: SQLSTATE[42000]: Syntax error or access violation: 1064 You have an error in your SQL syntax; check the manual that corresponds to your MySQL server version for the right syntax to use near 'unsigned not null, `biaya` varchar(255) unsigned not null, `modal` varchar(255) ' at line 1 (SQL: create table `laporans` (`data_id` int unsigned not null, `status` varchar(255) unsigned not null, `biaya` varchar(255) unsigned not null, `modal` varchar(255) not null, `laba` varchar(255) not null, `created_at` timestamp null, `updated_at` timestamp null) default character set utf8mb4 collate utf8mb4_unicode_ci) {"exception":"[object] (Illuminate\\Database\\QueryException(code: 42000): SQLSTATE[42000]: Syntax error or access violation: 1064 You have an error in your SQL syntax; check the manual that corresponds to your MySQL server version for the right syntax to use near 'unsigned not null, `biaya` varchar(255) unsigned not null, `modal` varchar(255) ' at line 1 (SQL: create table `laporans` (`data_id` int unsigned not null, `status` varchar(255) unsigned not null, `biaya` varchar(255) unsigned not null, `modal` varchar(255) not null, `laba` varchar(255) not null, `created_at` timestamp null, `updated_at` timestamp null) default character set utf8mb4 collate utf8mb4_unicode_ci) at /home/fahmi/belajar-laravel/repair-phone/vendor/laravel/framework/src/Illuminate/Database/Connection.php:664, PDOException(code: 42000): SQLSTATE[42000]: Syntax error or access violation: 1064 You have an error in your SQL syntax; check the manual that corresponds to your MySQL server version for the right syntax to use near 'unsigned not null, `biaya` varchar(255) unsigned not null, `modal` varchar(255) ' at line 1 at /home/fahmi/belajar-laravel/repair-phone/vendor/laravel/framework/src/Illuminate/Database/Connection.php:452)
[stacktrace]
#0 /home/fahmi/belajar-laravel/repair-phone/vendor/laravel/framework/src/Illuminate/Database/Connection.php(624): Illuminate\\Database\\Connection->runQueryCallback('create table `l...', Array, Object(Closure))
#1 /home/fahmi/belajar-laravel/repair-phone/vendor/laravel/framework/src/Illuminate/Database/Connection.php(459): Illuminate\\Database\\Connection->run('create table `l...', Array, Object(Closure))
#2 /home/fahmi/belajar-laravel/repair-phone/vendor/laravel/framework/src/Illuminate/Database/Schema/Blueprint.php(86): Illuminate\\Database\\Connection->statement('create table `l...')
#3 /home/fahmi/belajar-laravel/repair-phone/vendor/laravel/framework/src/Illuminate/Database/Schema/Builder.php(252): Illuminate\\Database\\Schema\\Blueprint->build(Object(Illuminate\\Database\\MySqlConnection), Object(Illuminate\\Database\\Schema\\Grammars\\MySqlGrammar))
#4 /home/fahmi/belajar-laravel/repair-phone/vendor/laravel/framework/src/Illuminate/Database/Schema/Builder.php(165): Illuminate\\Database\\Schema\\Builder->build(Object(Illuminate\\Database\\Schema\\Blueprint))
#5 /home/fahmi/belajar-laravel/repair-phone/vendor/laravel/framework/src/Illuminate/Support/Facades/Facade.php(221): Illuminate\\Database\\Schema\\Builder->create('laporans', Object(Closure))
#6 /home/fahmi/belajar-laravel/repair-phone/database/migrations/2017_11_18_180239_create_laporans_table.php(27): Illuminate\\Support\\Facades\\Facade::__callStatic('create', Array)
#7 /home/fahmi/belajar-laravel/repair-phone/vendor/laravel/framework/src/Illuminate/Database/Migrations/Migrator.php(359): CreateLaporansTable->up()
#8 /home/fahmi/belajar-laravel/repair-phone/vendor/laravel/framework/src/Illuminate/Database/Migrations/Migrator.php(365): Illuminate\\Database\\Migrations\\Migrator->Illuminate\\Database\\Migrations\\{closure}()
#9 /home/fahmi/belajar-laravel/repair-phone/vendor/laravel/framework/src/Illuminate/Database/Migrations/Migrator.php(177): Illuminate\\Database\\Migrations\\Migrator->runMigration(Object(CreateLaporansTable), 'up')
#10 /home/fahmi/belajar-laravel/repair-phone/vendor/laravel/framework/src/Illuminate/Database/Migrations/Migrator.php(146): Illuminate\\Database\\Migrations\\Migrator->runUp('/home/fahmi/bel...', 1, false)
#11 /home/fahmi/belajar-laravel/repair-phone/vendor/laravel/framework/src/Illuminate/Database/Migrations/Migrator.php(95): Illuminate\\Database\\Migrations\\Migrator->runPending(Array, Array)
#12 /home/fahmi/belajar-laravel/repair-phone/vendor/laravel/framework/src/Illuminate/Database/Console/Migrations/MigrateCommand.php(69): Illuminate\\Database\\Migrations\\Migrator->run(Array, Array)
#13 [internal function]: Illuminate\\Database\\Console\\Migrations\\MigrateCommand->handle()
#14 /home/fahmi/belajar-laravel/repair-phone/vendor/laravel/framework/src/Illuminate/Container/BoundMethod.php(29): call_user_func_array(Array, Array)
#15 /home/fahmi/belajar-laravel/repair-phone/vendor/laravel/framework/src/Illuminate/Container/BoundMethod.php(87): Illuminate\\Container\\BoundMethod::Illuminate\\Container\\{closure}()
#16 /home/fahmi/belajar-laravel/repair-phone/vendor/laravel/framework/src/Illuminate/Container/BoundMethod.php(31): Illuminate\\Container\\BoundMethod::callBoundMethod(Object(Illuminate\\Foundation\\Application), Array, Object(Closure))
#17 /home/fahmi/belajar-laravel/repair-phone/vendor/laravel/framework/src/Illuminate/Container/Container.php(549): Illuminate\\Container\\BoundMethod::call(Object(Illuminate\\Foundation\\Application), Array, Array, NULL)
#18 /home/fahmi/belajar-laravel/repair-phone/vendor/laravel/framework/src/Illuminate/Console/Command.php(180): Illuminate\\Container\\Container->call(Array)
#19 /home/fahmi/belajar-laravel/repair-phone/vendor/symfony/console/Command/Command.php(262): Illuminate\\Console\\Command->execute(Object(Symfony\\Component\\Console\\Input\\ArgvInput), Object(Illuminate\\Console\\OutputStyle))
#20 /home/fahmi/belajar-laravel/repair-phone/vendor/laravel/framework/src/Illuminate/Console/Command.php(167): Symfony\\Component\\Console\\Command\\Command->run(Object(Symfony\\Component\\Console\\Input\\ArgvInput), Object(Illuminate\\Console\\OutputStyle))
#21 /home/fahmi/belajar-laravel/repair-phone/vendor/symfony/console/Application.php(888): Illuminate\\Console\\Command->run(Object(Symfony\\Component\\Console\\Input\\ArgvInput), Object(Symfony\\Component\\Console\\Output\\ConsoleOutput))
#22 /home/fahmi/belajar-laravel/repair-phone/vendor/symfony/console/Application.php(224): Symfony\\Component\\Console\\Application->doRunCommand(Object(Illuminate\\Database\\Console\\Migrations\\MigrateCommand), Object(Symfony\\Component\\Console\\Input\\ArgvInput), Object(Symfony\\Component\\Console\\Output\\ConsoleOutput))
#23 /home/fahmi/belajar-laravel/repair-phone/vendor/symfony/console/Application.php(125): Symfony\\Component\\Console\\Application->doRun(Object(Symfony\\Component\\Console\\Input\\ArgvInput), Object(Symfony\\Component\\Console\\Output\\ConsoleOutput))
#24 /home/fahmi/belajar-laravel/repair-phone/vendor/laravel/framework/src/Illuminate/Console/Application.php(88): Symfony\\Component\\Console\\Application->run(Object(Symfony\\Component\\Console\\Input\\ArgvInput), Object(Symfony\\Component\\Console\\Output\\ConsoleOutput))
#25 /home/fahmi/belajar-laravel/repair-phone/vendor/laravel/framework/src/Illuminate/Foundation/Console/Kernel.php(121): Illuminate\\Console\\Application->run(Object(Symfony\\Component\\Console\\Input\\ArgvInput), Object(Symfony\\Component\\Console\\Output\\ConsoleOutput))
#26 /home/fahmi/belajar-laravel/repair-phone/artisan(37): Illuminate\\Foundation\\Console\\Kernel->handle(Object(Symfony\\Component\\Console\\Input\\ArgvInput), Object(Symfony\\Component\\Console\\Output\\ConsoleOutput))
#27 {main}
"} 
[2017-11-18 18:33:17] local.ERROR: SQLSTATE[HY000]: General error: 1215 Cannot add foreign key constraint (SQL: alter table `laporans` add constraint `laporans_status_foreign` foreign key (`status`) references `data` (`status`) on delete CASCADE) {"exception":"[object] (Illuminate\\Database\\QueryException(code: HY000): SQLSTATE[HY000]: General error: 1215 Cannot add foreign key constraint (SQL: alter table `laporans` add constraint `laporans_status_foreign` foreign key (`status`) references `data` (`status`) on delete CASCADE) at /home/fahmi/belajar-laravel/repair-phone/vendor/laravel/framework/src/Illuminate/Database/Connection.php:664, PDOException(code: HY000): SQLSTATE[HY000]: General error: 1215 Cannot add foreign key constraint at /home/fahmi/belajar-laravel/repair-phone/vendor/laravel/framework/src/Illuminate/Database/Connection.php:458)
[stacktrace]
#0 /home/fahmi/belajar-laravel/repair-phone/vendor/laravel/framework/src/Illuminate/Database/Connection.php(624): Illuminate\\Database\\Connection->runQueryCallback('alter table `la...', Array, Object(Closure))
#1 /home/fahmi/belajar-laravel/repair-phone/vendor/laravel/framework/src/Illuminate/Database/Connection.php(459): Illuminate\\Database\\Connection->run('alter table `la...', Array, Object(Closure))
#2 /home/fahmi/belajar-laravel/repair-phone/vendor/laravel/framework/src/Illuminate/Database/Schema/Blueprint.php(86): Illuminate\\Database\\Connection->statement('alter table `la...')
#3 /home/fahmi/belajar-laravel/repair-phone/vendor/laravel/framework/src/Illuminate/Database/Schema/Builder.php(252): Illuminate\\Database\\Schema\\Blueprint->build(Object(Illuminate\\Database\\MySqlConnection), Object(Illuminate\\Database\\Schema\\Grammars\\MySqlGrammar))
#4 /home/fahmi/belajar-laravel/repair-phone/vendor/laravel/framework/src/Illuminate/Database/Schema/Builder.php(165): Illuminate\\Database\\Schema\\Builder->build(Object(Illuminate\\Database\\Schema\\Blueprint))
#5 /home/fahmi/belajar-laravel/repair-phone/vendor/laravel/framework/src/Illuminate/Support/Facades/Facade.php(221): Illuminate\\Database\\Schema\\Builder->create('laporans', Object(Closure))
#6 /home/fahmi/belajar-laravel/repair-phone/database/migrations/2017_11_18_180239_create_laporans_table.php(27): Illuminate\\Support\\Facades\\Facade::__callStatic('create', Array)
#7 /home/fahmi/belajar-laravel/repair-phone/vendor/laravel/framework/src/Illuminate/Database/Migrations/Migrator.php(359): CreateLaporansTable->up()
#8 /home/fahmi/belajar-laravel/repair-phone/vendor/laravel/framework/src/Illuminate/Database/Migrations/Migrator.php(365): Illuminate\\Database\\Migrations\\Migrator->Illuminate\\Database\\Migrations\\{closure}()
#9 /home/fahmi/belajar-laravel/repair-phone/vendor/laravel/framework/src/Illuminate/Database/Migrations/Migrator.php(177): Illuminate\\Database\\Migrations\\Migrator->runMigration(Object(CreateLaporansTable), 'up')
#10 /home/fahmi/belajar-laravel/repair-phone/vendor/laravel/framework/src/Illuminate/Database/Migrations/Migrator.php(146): Illuminate\\Database\\Migrations\\Migrator->runUp('/home/fahmi/bel...', 1, false)
#11 /home/fahmi/belajar-laravel/repair-phone/vendor/laravel/framework/src/Illuminate/Database/Migrations/Migrator.php(95): Illuminate\\Database\\Migrations\\Migrator->runPending(Array, Array)
#12 /home/fahmi/belajar-laravel/repair-phone/vendor/laravel/framework/src/Illuminate/Database/Console/Migrations/MigrateCommand.php(69): Illuminate\\Database\\Migrations\\Migrator->run(Array, Array)
#13 [internal function]: Illuminate\\Database\\Console\\Migrations\\MigrateCommand->handle()
#14 /home/fahmi/belajar-laravel/repair-phone/vendor/laravel/framework/src/Illuminate/Container/BoundMethod.php(29): call_user_func_array(Array, Array)
#15 /home/fahmi/belajar-laravel/repair-phone/vendor/laravel/framework/src/Illuminate/Container/BoundMethod.php(87): Illuminate\\Container\\BoundMethod::Illuminate\\Container\\{closure}()
#16 /home/fahmi/belajar-laravel/repair-phone/vendor/laravel/framework/src/Illuminate/Container/BoundMethod.php(31): Illuminate\\Container\\BoundMethod::callBoundMethod(Object(Illuminate\\Foundation\\Application), Array, Object(Closure))
#17 /home/fahmi/belajar-laravel/repair-phone/vendor/laravel/framework/src/Illuminate/Container/Container.php(549): Illuminate\\Container\\BoundMethod::call(Object(Illuminate\\Foundation\\Application), Array, Array, NULL)
#18 /home/fahmi/belajar-laravel/repair-phone/vendor/laravel/framework/src/Illuminate/Console/Command.php(180): Illuminate\\Container\\Container->call(Array)
#19 /home/fahmi/belajar-laravel/repair-phone/vendor/symfony/console/Command/Command.php(262): Illuminate\\Console\\Command->execute(Object(Symfony\\Component\\Console\\Input\\ArgvInput), Object(Illuminate\\Console\\OutputStyle))
#20 /home/fahmi/belajar-laravel/repair-phone/vendor/laravel/framework/src/Illuminate/Console/Command.php(167): Symfony\\Component\\Console\\Command\\Command->run(Object(Symfony\\Component\\Console\\Input\\ArgvInput), Object(Illuminate\\Console\\OutputStyle))
#21 /home/fahmi/belajar-laravel/repair-phone/vendor/symfony/console/Application.php(888): Illuminate\\Console\\Command->run(Object(Symfony\\Component\\Console\\Input\\ArgvInput), Object(Symfony\\Component\\Console\\Output\\ConsoleOutput))
#22 /home/fahmi/belajar-laravel/repair-phone/vendor/symfony/console/Application.php(224): Symfony\\Component\\Console\\Application->doRunCommand(Object(Illuminate\\Database\\Console\\Migrations\\MigrateCommand), Object(Symfony\\Component\\Console\\Input\\ArgvInput), Object(Symfony\\Component\\Console\\Output\\ConsoleOutput))
#23 /home/fahmi/belajar-laravel/repair-phone/vendor/symfony/console/Application.php(125): Symfony\\Component\\Console\\Application->doRun(Object(Symfony\\Component\\Console\\Input\\ArgvInput), Object(Symfony\\Component\\Console\\Output\\ConsoleOutput))
#24 /home/fahmi/belajar-laravel/repair-phone/vendor/laravel/framework/src/Illuminate/Console/Application.php(88): Symfony\\Component\\Console\\Application->run(Object(Symfony\\Component\\Console\\Input\\ArgvInput), Object(Symfony\\Component\\Console\\Output\\ConsoleOutput))
#25 /home/fahmi/belajar-laravel/repair-phone/vendor/laravel/framework/src/Illuminate/Foundation/Console/Kernel.php(121): Illuminate\\Console\\Application->run(Object(Symfony\\Component\\Console\\Input\\ArgvInput), Object(Symfony\\Component\\Console\\Output\\ConsoleOutput))
#26 /home/fahmi/belajar-laravel/repair-phone/artisan(37): Illuminate\\Foundation\\Console\\Kernel->handle(Object(Symfony\\Component\\Console\\Input\\ArgvInput), Object(Symfony\\Component\\Console\\Output\\ConsoleOutput))
#27 {main}
"} 
[2017-11-18 18:34:17] local.ERROR: SQLSTATE[23000]: Integrity constraint violation: 1217 Cannot delete or update a parent row: a foreign key constraint fails (SQL: drop table if exists `data`) {"exception":"[object] (Illuminate\\Database\\QueryException(code: 23000): SQLSTATE[23000]: Integrity constraint violation: 1217 Cannot delete or update a parent row: a foreign key constraint fails (SQL: drop table if exists `data`) at /home/fahmi/belajar-laravel/repair-phone/vendor/laravel/framework/src/Illuminate/Database/Connection.php:664, PDOException(code: 23000): SQLSTATE[23000]: Integrity constraint violation: 1217 Cannot delete or update a parent row: a foreign key constraint fails at /home/fahmi/belajar-laravel/repair-phone/vendor/laravel/framework/src/Illuminate/Database/Connection.php:458)
[stacktrace]
#0 /home/fahmi/belajar-laravel/repair-phone/vendor/laravel/framework/src/Illuminate/Database/Connection.php(624): Illuminate\\Database\\Connection->runQueryCallback('drop table if e...', Array, Object(Closure))
#1 /home/fahmi/belajar-laravel/repair-phone/vendor/laravel/framework/src/Illuminate/Database/Connection.php(459): Illuminate\\Database\\Connection->run('drop table if e...', Array, Object(Closure))
#2 /home/fahmi/belajar-laravel/repair-phone/vendor/laravel/framework/src/Illuminate/Database/Schema/Blueprint.php(86): Illuminate\\Database\\Connection->statement('drop table if e...')
#3 /home/fahmi/belajar-laravel/repair-phone/vendor/laravel/framework/src/Illuminate/Database/Schema/Builder.php(252): Illuminate\\Database\\Schema\\Blueprint->build(Object(Illuminate\\Database\\MySqlConnection), Object(Illuminate\\Database\\Schema\\Grammars\\MySqlGrammar))
#4 /home/fahmi/belajar-laravel/repair-phone/vendor/laravel/framework/src/Illuminate/Database/Schema/Builder.php(191): Illuminate\\Database\\Schema\\Builder->build(Object(Illuminate\\Database\\Schema\\Blueprint))
#5 /home/fahmi/belajar-laravel/repair-phone/vendor/laravel/framework/src/Illuminate/Support/Facades/Facade.php(221): Illuminate\\Database\\Schema\\Builder->dropIfExists('data')
#6 /home/fahmi/belajar-laravel/repair-phone/database/migrations/2017_11_18_180150_create_data_table.php(38): Illuminate\\Support\\Facades\\Facade::__callStatic('dropIfExists', Array)
#7 /home/fahmi/belajar-laravel/repair-phone/vendor/laravel/framework/src/Illuminate/Database/Migrations/Migrator.php(359): CreateDataTable->down()
#8 /home/fahmi/belajar-laravel/repair-phone/vendor/laravel/framework/src/Illuminate/Database/Migrations/Migrator.php(365): Illuminate\\Database\\Migrations\\Migrator->Illuminate\\Database\\Migrations\\{closure}()
#9 /home/fahmi/belajar-laravel/repair-phone/vendor/laravel/framework/src/Illuminate/Database/Migrations/Migrator.php(334): Illuminate\\Database\\Migrations\\Migrator->runMigration(Object(CreateDataTable), 'down')
#10 /home/fahmi/belajar-laravel/repair-phone/vendor/laravel/framework/src/Illuminate/Database/Migrations/Migrator.php(257): Illuminate\\Database\\Migrations\\Migrator->runDown('/home/fahmi/bel...', Object(stdClass), false)
#11 /home/fahmi/belajar-laravel/repair-phone/vendor/laravel/framework/src/Illuminate/Database/Migrations/Migrator.php(208): Illuminate\\Database\\Migrations\\Migrator->rollbackMigrations(Array, Array, Array)
#12 /home/fahmi/belajar-laravel/repair-phone/vendor/laravel/framework/src/Illuminate/Database/Console/Migrations/RollbackCommand.php(63): Illuminate\\Database\\Migrations\\Migrator->rollback(Array, Array)
#13 [internal function]: Illuminate\\Database\\Console\\Migrations\\RollbackCommand->handle()
#14 /home/fahmi/belajar-laravel/repair-phone/vendor/laravel/framework/src/Illuminate/Container/BoundMethod.php(29): call_user_func_array(Array, Array)
#15 /home/fahmi/belajar-laravel/repair-phone/vendor/laravel/framework/src/Illuminate/Container/BoundMethod.php(87): Illuminate\\Container\\BoundMethod::Illuminate\\Container\\{closure}()
#16 /home/fahmi/belajar-laravel/repair-phone/vendor/laravel/framework/src/Illuminate/Container/BoundMethod.php(31): Illuminate\\Container\\BoundMethod::callBoundMethod(Object(Illuminate\\Foundation\\Application), Array, Object(Closure))
#17 /home/fahmi/belajar-laravel/repair-phone/vendor/laravel/framework/src/Illuminate/Container/Container.php(549): Illuminate\\Container\\BoundMethod::call(Object(Illuminate\\Foundation\\Application), Array, Array, NULL)
#18 /home/fahmi/belajar-laravel/repair-phone/vendor/laravel/framework/src/Illuminate/Console/Command.php(180): Illuminate\\Container\\Container->call(Array)
#19 /home/fahmi/belajar-laravel/repair-phone/vendor/symfony/console/Command/Command.php(262): Illuminate\\Console\\Command->execute(Object(Symfony\\Component\\Console\\Input\\ArgvInput), Object(Illuminate\\Console\\OutputStyle))
#20 /home/fahmi/belajar-laravel/repair-phone/vendor/laravel/framework/src/Illuminate/Console/Command.php(167): Symfony\\Component\\Console\\Command\\Command->run(Object(Symfony\\Component\\Console\\Input\\ArgvInput), Object(Illuminate\\Console\\OutputStyle))
#21 /home/fahmi/belajar-laravel/repair-phone/vendor/symfony/console/Application.php(888): Illuminate\\Console\\Command->run(Object(Symfony\\Component\\Console\\Input\\ArgvInput), Object(Symfony\\Component\\Console\\Output\\ConsoleOutput))
#22 /home/fahmi/belajar-laravel/repair-phone/vendor/symfony/console/Application.php(224): Symfony\\Component\\Console\\Application->doRunCommand(Object(Illuminate\\Database\\Console\\Migrations\\RollbackCommand), Object(Symfony\\Component\\Console\\Input\\ArgvInput), Object(Symfony\\Component\\Console\\Output\\ConsoleOutput))
#23 /home/fahmi/belajar-laravel/repair-phone/vendor/symfony/console/Application.php(125): Symfony\\Component\\Console\\Application->doRun(Object(Symfony\\Component\\Console\\Input\\ArgvInput), Object(Symfony\\Component\\Console\\Output\\ConsoleOutput))
#24 /home/fahmi/belajar-laravel/repair-phone/vendor/laravel/framework/src/Illuminate/Console/Application.php(88): Symfony\\Component\\Console\\Application->run(Object(Symfony\\Component\\Console\\Input\\ArgvInput), Object(Symfony\\Component\\Console\\Output\\ConsoleOutput))
#25 /home/fahmi/belajar-laravel/repair-phone/vendor/laravel/framework/src/Illuminate/Foundation/Console/Kernel.php(121): Illuminate\\Console\\Application->run(Object(Symfony\\Component\\Console\\Input\\ArgvInput), Object(Symfony\\Component\\Console\\Output\\ConsoleOutput))
#26 /home/fahmi/belajar-laravel/repair-phone/artisan(37): Illuminate\\Foundation\\Console\\Kernel->handle(Object(Symfony\\Component\\Console\\Input\\ArgvInput), Object(Symfony\\Component\\Console\\Output\\ConsoleOutput))
#27 {main}
"} 
[2017-11-18 18:36:16] local.ERROR: SQLSTATE[42S02]: Base table or view not found: 1146 Table 'service_center.migrations' doesn't exist (SQL: select max(`batch`) as aggregate from `migrations`) {"exception":"[object] (Illuminate\\Database\\QueryException(code: 42S02): SQLSTATE[42S02]: Base table or view not found: 1146 Table 'service_center.migrations' doesn't exist (SQL: select max(`batch`) as aggregate from `migrations`) at /home/fahmi/belajar-laravel/repair-phone/vendor/laravel/framework/src/Illuminate/Database/Connection.php:664, PDOException(code: 42S02): SQLSTATE[42S02]: Base table or view not found: 1146 Table 'service_center.migrations' doesn't exist at /home/fahmi/belajar-laravel/repair-phone/vendor/laravel/framework/src/Illuminate/Database/Connection.php:326)
[stacktrace]
#0 /home/fahmi/belajar-laravel/repair-phone/vendor/laravel/framework/src/Illuminate/Database/Connection.php(624): Illuminate\\Database\\Connection->runQueryCallback('select max(`bat...', Array, Object(Closure))
#1 /home/fahmi/belajar-laravel/repair-phone/vendor/laravel/framework/src/Illuminate/Database/Connection.php(333): Illuminate\\Database\\Connection->run('select max(`bat...', Array, Object(Closure))
#2 /home/fahmi/belajar-laravel/repair-phone/vendor/laravel/framework/src/Illuminate/Database/Query/Builder.php(1705): Illuminate\\Database\\Connection->select('select max(`bat...', Array, false)
#3 /home/fahmi/belajar-laravel/repair-phone/vendor/laravel/framework/src/Illuminate/Database/Query/Builder.php(1690): Illuminate\\Database\\Query\\Builder->runSelect()
#4 /home/fahmi/belajar-laravel/repair-phone/vendor/laravel/framework/src/Illuminate/Database/Query/Builder.php(2027): Illuminate\\Database\\Query\\Builder->get(Array)
#5 /home/fahmi/belajar-laravel/repair-phone/vendor/laravel/framework/src/Illuminate/Database/Query/Builder.php(1977): Illuminate\\Database\\Query\\Builder->aggregate('max', Array)
#6 /home/fahmi/belajar-laravel/repair-phone/vendor/laravel/framework/src/Illuminate/Database/Migrations/DatabaseMigrationRepository.php(125): Illuminate\\Database\\Query\\Builder->max('batch')
#7 /home/fahmi/belajar-laravel/repair-phone/vendor/laravel/framework/src/Illuminate/Database/Migrations/DatabaseMigrationRepository.php(78): Illuminate\\Database\\Migrations\\DatabaseMigrationRepository->getLastBatchNumber()
#8 /home/fahmi/belajar-laravel/repair-phone/vendor/laravel/framework/src/Illuminate/Database/Migrations/Migrator.php(223): Illuminate\\Database\\Migrations\\DatabaseMigrationRepository->getLast()
#9 /home/fahmi/belajar-laravel/repair-phone/vendor/laravel/framework/src/Illuminate/Database/Migrations/Migrator.php(201): Illuminate\\Database\\Migrations\\Migrator->getMigrationsForRollback(Array)
#10 /home/fahmi/belajar-laravel/repair-phone/vendor/laravel/framework/src/Illuminate/Database/Console/Migrations/RollbackCommand.php(63): Illuminate\\Database\\Migrations\\Migrator->rollback(Array, Array)
#11 [internal function]: Illuminate\\Database\\Console\\Migrations\\RollbackCommand->handle()
#12 /home/fahmi/belajar-laravel/repair-phone/vendor/laravel/framework/src/Illuminate/Container/BoundMethod.php(29): call_user_func_array(Array, Array)
#13 /home/fahmi/belajar-laravel/repair-phone/vendor/laravel/framework/src/Illuminate/Container/BoundMethod.php(87): Illuminate\\Container\\BoundMethod::Illuminate\\Container\\{closure}()
#14 /home/fahmi/belajar-laravel/repair-phone/vendor/laravel/framework/src/Illuminate/Container/BoundMethod.php(31): Illuminate\\Container\\BoundMethod::callBoundMethod(Object(Illuminate\\Foundation\\Application), Array, Object(Closure))
#15 /home/fahmi/belajar-laravel/repair-phone/vendor/laravel/framework/src/Illuminate/Container/Container.php(549): Illuminate\\Container\\BoundMethod::call(Object(Illuminate\\Foundation\\Application), Array, Array, NULL)
#16 /home/fahmi/belajar-laravel/repair-phone/vendor/laravel/framework/src/Illuminate/Console/Command.php(180): Illuminate\\Container\\Container->call(Array)
#17 /home/fahmi/belajar-laravel/repair-phone/vendor/symfony/console/Command/Command.php(262): Illuminate\\Console\\Command->execute(Object(Symfony\\Component\\Console\\Input\\ArgvInput), Object(Illuminate\\Console\\OutputStyle))
#18 /home/fahmi/belajar-laravel/repair-phone/vendor/laravel/framework/src/Illuminate/Console/Command.php(167): Symfony\\Component\\Console\\Command\\Command->run(Object(Symfony\\Component\\Console\\Input\\ArgvInput), Object(Illuminate\\Console\\OutputStyle))
#19 /home/fahmi/belajar-laravel/repair-phone/vendor/symfony/console/Application.php(888): Illuminate\\Console\\Command->run(Object(Symfony\\Component\\Console\\Input\\ArgvInput), Object(Symfony\\Component\\Console\\Output\\ConsoleOutput))
#20 /home/fahmi/belajar-laravel/repair-phone/vendor/symfony/console/Application.php(224): Symfony\\Component\\Console\\Application->doRunCommand(Object(Illuminate\\Database\\Console\\Migrations\\RollbackCommand), Object(Symfony\\Component\\Console\\Input\\ArgvInput), Object(Symfony\\Component\\Console\\Output\\ConsoleOutput))
#21 /home/fahmi/belajar-laravel/repair-phone/vendor/symfony/console/Application.php(125): Symfony\\Component\\Console\\Application->doRun(Object(Symfony\\Component\\Console\\Input\\ArgvInput), Object(Symfony\\Component\\Console\\Output\\ConsoleOutput))
#22 /home/fahmi/belajar-laravel/repair-phone/vendor/laravel/framework/src/Illuminate/Console/Application.php(88): Symfony\\Component\\Console\\Application->run(Object(Symfony\\Component\\Console\\Input\\ArgvInput), Object(Symfony\\Component\\Console\\Output\\ConsoleOutput))
#23 /home/fahmi/belajar-laravel/repair-phone/vendor/laravel/framework/src/Illuminate/Foundation/Console/Kernel.php(121): Illuminate\\Console\\Application->run(Object(Symfony\\Component\\Console\\Input\\ArgvInput), Object(Symfony\\Component\\Console\\Output\\ConsoleOutput))
#24 /home/fahmi/belajar-laravel/repair-phone/artisan(37): Illuminate\\Foundation\\Console\\Kernel->handle(Object(Symfony\\Component\\Console\\Input\\ArgvInput), Object(Symfony\\Component\\Console\\Output\\ConsoleOutput))
#25 {main}
"} 
[2017-11-18 18:46:31] local.ERROR: Parse error: syntax error, unexpected '{' {"exception":"[object] (Symfony\\Component\\Debug\\Exception\\FatalThrowableError(code: 0): Parse error: syntax error, unexpected '{' at /home/fahmi/belajar-laravel/repair-phone/database/seeds/DatabaseSeeder.php:15)
[stacktrace]
#0 /home/fahmi/belajar-laravel/repair-phone/vendor/composer/ClassLoader.php(322): Composer\\Autoload\\includeFile('/home/fahmi/bel...')
#1 [internal function]: Composer\\Autoload\\ClassLoader->loadClass('DatabaseSeeder')
#2 [internal function]: spl_autoload_call('DatabaseSeeder')
#3 /home/fahmi/belajar-laravel/repair-phone/vendor/laravel/framework/src/Illuminate/Container/Container.php(752): ReflectionClass->__construct('DatabaseSeeder')
#4 /home/fahmi/belajar-laravel/repair-phone/vendor/laravel/framework/src/Illuminate/Container/Container.php(631): Illuminate\\Container\\Container->build('DatabaseSeeder')
#5 /home/fahmi/belajar-laravel/repair-phone/vendor/laravel/framework/src/Illuminate/Container/Container.php(586): Illuminate\\Container\\Container->resolve('DatabaseSeeder', Array)
#6 /home/fahmi/belajar-laravel/repair-phone/vendor/laravel/framework/src/Illuminate/Foundation/Application.php(721): Illuminate\\Container\\Container->make('DatabaseSeeder', Array)
#7 /home/fahmi/belajar-laravel/repair-phone/vendor/laravel/framework/src/Illuminate/Database/Console/Seeds/SeedCommand.php(74): Illuminate\\Foundation\\Application->make('DatabaseSeeder')
#8 /home/fahmi/belajar-laravel/repair-phone/vendor/laravel/framework/src/Illuminate/Database/Console/Seeds/SeedCommand.php(63): Illuminate\\Database\\Console\\Seeds\\SeedCommand->getSeeder()
#9 /home/fahmi/belajar-laravel/repair-phone/vendor/laravel/framework/src/Illuminate/Database/Eloquent/Concerns/GuardsAttributes.php(122): Illuminate\\Database\\Console\\Seeds\\SeedCommand->Illuminate\\Database\\Console\\Seeds\\{closure}()
#10 /home/fahmi/belajar-laravel/repair-phone/vendor/laravel/framework/src/Illuminate/Database/Console/Seeds/SeedCommand.php(64): Illuminate\\Database\\Eloquent\\Model::unguarded(Object(Closure))
#11 [internal function]: Illuminate\\Database\\Console\\Seeds\\SeedCommand->handle()
#12 /home/fahmi/belajar-laravel/repair-phone/vendor/laravel/framework/src/Illuminate/Container/BoundMethod.php(29): call_user_func_array(Array, Array)
#13 /home/fahmi/belajar-laravel/repair-phone/vendor/laravel/framework/src/Illuminate/Container/BoundMethod.php(87): Illuminate\\Container\\BoundMethod::Illuminate\\Container\\{closure}()
#14 /home/fahmi/belajar-laravel/repair-phone/vendor/laravel/framework/src/Illuminate/Container/BoundMethod.php(31): Illuminate\\Container\\BoundMethod::callBoundMethod(Object(Illuminate\\Foundation\\Application), Array, Object(Closure))
#15 /home/fahmi/belajar-laravel/repair-phone/vendor/laravel/framework/src/Illuminate/Container/Container.php(549): Illuminate\\Container\\BoundMethod::call(Object(Illuminate\\Foundation\\Application), Array, Array, NULL)
#16 /home/fahmi/belajar-laravel/repair-phone/vendor/laravel/framework/src/Illuminate/Console/Command.php(180): Illuminate\\Container\\Container->call(Array)
#17 /home/fahmi/belajar-laravel/repair-phone/vendor/symfony/console/Command/Command.php(262): Illuminate\\Console\\Command->execute(Object(Symfony\\Component\\Console\\Input\\ArgvInput), Object(Illuminate\\Console\\OutputStyle))
#18 /home/fahmi/belajar-laravel/repair-phone/vendor/laravel/framework/src/Illuminate/Console/Command.php(167): Symfony\\Component\\Console\\Command\\Command->run(Object(Symfony\\Component\\Console\\Input\\ArgvInput), Object(Illuminate\\Console\\OutputStyle))
#19 /home/fahmi/belajar-laravel/repair-phone/vendor/symfony/console/Application.php(888): Illuminate\\Console\\Command->run(Object(Symfony\\Component\\Console\\Input\\ArgvInput), Object(Symfony\\Component\\Console\\Output\\ConsoleOutput))
#20 /home/fahmi/belajar-laravel/repair-phone/vendor/symfony/console/Application.php(224): Symfony\\Component\\Console\\Application->doRunCommand(Object(Illuminate\\Database\\Console\\Seeds\\SeedCommand), Object(Symfony\\Component\\Console\\Input\\ArgvInput), Object(Symfony\\Component\\Console\\Output\\ConsoleOutput))
#21 /home/fahmi/belajar-laravel/repair-phone/vendor/symfony/console/Application.php(125): Symfony\\Component\\Console\\Application->doRun(Object(Symfony\\Component\\Console\\Input\\ArgvInput), Object(Symfony\\Component\\Console\\Output\\ConsoleOutput))
#22 /home/fahmi/belajar-laravel/repair-phone/vendor/laravel/framework/src/Illuminate/Console/Application.php(88): Symfony\\Component\\Console\\Application->run(Object(Symfony\\Component\\Console\\Input\\ArgvInput), Object(Symfony\\Component\\Console\\Output\\ConsoleOutput))
#23 /home/fahmi/belajar-laravel/repair-phone/vendor/laravel/framework/src/Illuminate/Foundation/Console/Kernel.php(121): Illuminate\\Console\\Application->run(Object(Symfony\\Component\\Console\\Input\\ArgvInput), Object(Symfony\\Component\\Console\\Output\\ConsoleOutput))
#24 /home/fahmi/belajar-laravel/repair-phone/artisan(37): Illuminate\\Foundation\\Console\\Kernel->handle(Object(Symfony\\Component\\Console\\Input\\ArgvInput), Object(Symfony\\Component\\Console\\Output\\ConsoleOutput))
#25 {main}
"} 
[2017-11-18 18:47:47] local.ERROR: Parse error: syntax error, unexpected '{' {"exception":"[object] (Symfony\\Component\\Debug\\Exception\\FatalThrowableError(code: 0): Parse error: syntax error, unexpected '{' at /home/fahmi/belajar-laravel/repair-phone/database/seeds/DatabaseSeeder.php:15)
[stacktrace]
#0 /home/fahmi/belajar-laravel/repair-phone/vendor/composer/ClassLoader.php(322): Composer\\Autoload\\includeFile('/home/fahmi/bel...')
#1 [internal function]: Composer\\Autoload\\ClassLoader->loadClass('DatabaseSeeder')
#2 [internal function]: spl_autoload_call('DatabaseSeeder')
#3 /home/fahmi/belajar-laravel/repair-phone/vendor/laravel/framework/src/Illuminate/Container/Container.php(752): ReflectionClass->__construct('DatabaseSeeder')
#4 /home/fahmi/belajar-laravel/repair-phone/vendor/laravel/framework/src/Illuminate/Container/Container.php(631): Illuminate\\Container\\Container->build('DatabaseSeeder')
#5 /home/fahmi/belajar-laravel/repair-phone/vendor/laravel/framework/src/Illuminate/Container/Container.php(586): Illuminate\\Container\\Container->resolve('DatabaseSeeder', Array)
#6 /home/fahmi/belajar-laravel/repair-phone/vendor/laravel/framework/src/Illuminate/Foundation/Application.php(721): Illuminate\\Container\\Container->make('DatabaseSeeder', Array)
#7 /home/fahmi/belajar-laravel/repair-phone/vendor/laravel/framework/src/Illuminate/Database/Console/Seeds/SeedCommand.php(74): Illuminate\\Foundation\\Application->make('DatabaseSeeder')
#8 /home/fahmi/belajar-laravel/repair-phone/vendor/laravel/framework/src/Illuminate/Database/Console/Seeds/SeedCommand.php(63): Illuminate\\Database\\Console\\Seeds\\SeedCommand->getSeeder()
#9 /home/fahmi/belajar-laravel/repair-phone/vendor/laravel/framework/src/Illuminate/Database/Eloquent/Concerns/GuardsAttributes.php(122): Illuminate\\Database\\Console\\Seeds\\SeedCommand->Illuminate\\Database\\Console\\Seeds\\{closure}()
#10 /home/fahmi/belajar-laravel/repair-phone/vendor/laravel/framework/src/Illuminate/Database/Console/Seeds/SeedCommand.php(64): Illuminate\\Database\\Eloquent\\Model::unguarded(Object(Closure))
#11 [internal function]: Illuminate\\Database\\Console\\Seeds\\SeedCommand->handle()
#12 /home/fahmi/belajar-laravel/repair-phone/vendor/laravel/framework/src/Illuminate/Container/BoundMethod.php(29): call_user_func_array(Array, Array)
#13 /home/fahmi/belajar-laravel/repair-phone/vendor/laravel/framework/src/Illuminate/Container/BoundMethod.php(87): Illuminate\\Container\\BoundMethod::Illuminate\\Container\\{closure}()
#14 /home/fahmi/belajar-laravel/repair-phone/vendor/laravel/framework/src/Illuminate/Container/BoundMethod.php(31): Illuminate\\Container\\BoundMethod::callBoundMethod(Object(Illuminate\\Foundation\\Application), Array, Object(Closure))
#15 /home/fahmi/belajar-laravel/repair-phone/vendor/laravel/framework/src/Illuminate/Container/Container.php(549): Illuminate\\Container\\BoundMethod::call(Object(Illuminate\\Foundation\\Application), Array, Array, NULL)
#16 /home/fahmi/belajar-laravel/repair-phone/vendor/laravel/framework/src/Illuminate/Console/Command.php(180): Illuminate\\Container\\Container->call(Array)
#17 /home/fahmi/belajar-laravel/repair-phone/vendor/symfony/console/Command/Command.php(262): Illuminate\\Console\\Command->execute(Object(Symfony\\Component\\Console\\Input\\ArrayInput), Object(Illuminate\\Console\\OutputStyle))
#18 /home/fahmi/belajar-laravel/repair-phone/vendor/laravel/framework/src/Illuminate/Console/Command.php(167): Symfony\\Component\\Console\\Command\\Command->run(Object(Symfony\\Component\\Console\\Input\\ArrayInput), Object(Illuminate\\Console\\OutputStyle))
#19 /home/fahmi/belajar-laravel/repair-phone/vendor/laravel/framework/src/Illuminate/Console/Command.php(195): Illuminate\\Console\\Command->run(Object(Symfony\\Component\\Console\\Input\\ArrayInput), Object(Illuminate\\Console\\OutputStyle))
#20 /home/fahmi/belajar-laravel/repair-phone/vendor/laravel/framework/src/Illuminate/Database/Console/Migrations/RefreshCommand.php(129): Illuminate\\Console\\Command->call('db:seed', Array)
#21 /home/fahmi/belajar-laravel/repair-phone/vendor/laravel/framework/src/Illuminate/Database/Console/Migrations/RefreshCommand.php(68): Illuminate\\Database\\Console\\Migrations\\RefreshCommand->runSeeder(NULL)
#22 [internal function]: Illuminate\\Database\\Console\\Migrations\\RefreshCommand->handle()
#23 /home/fahmi/belajar-laravel/repair-phone/vendor/laravel/framework/src/Illuminate/Container/BoundMethod.php(29): call_user_func_array(Array, Array)
#24 /home/fahmi/belajar-laravel/repair-phone/vendor/laravel/framework/src/Illuminate/Container/BoundMethod.php(87): Illuminate\\Container\\BoundMethod::Illuminate\\Container\\{closure}()
#25 /home/fahmi/belajar-laravel/repair-phone/vendor/laravel/framework/src/Illuminate/Container/BoundMethod.php(31): Illuminate\\Container\\BoundMethod::callBoundMethod(Object(Illuminate\\Foundation\\Application), Array, Object(Closure))
#26 /home/fahmi/belajar-laravel/repair-phone/vendor/laravel/framework/src/Illuminate/Container/Container.php(549): Illuminate\\Container\\BoundMethod::call(Object(Illuminate\\Foundation\\Application), Array, Array, NULL)
#27 /home/fahmi/belajar-laravel/repair-phone/vendor/laravel/framework/src/Illuminate/Console/Command.php(180): Illuminate\\Container\\Container->call(Array)
#28 /home/fahmi/belajar-laravel/repair-phone/vendor/symfony/console/Command/Command.php(262): Illuminate\\Console\\Command->execute(Object(Symfony\\Component\\Console\\Input\\ArgvInput), Object(Illuminate\\Console\\OutputStyle))
#29 /home/fahmi/belajar-laravel/repair-phone/vendor/laravel/framework/src/Illuminate/Console/Command.php(167): Symfony\\Component\\Console\\Command\\Command->run(Object(Symfony\\Component\\Console\\Input\\ArgvInput), Object(Illuminate\\Console\\OutputStyle))
#30 /home/fahmi/belajar-laravel/repair-phone/vendor/symfony/console/Application.php(888): Illuminate\\Console\\Command->run(Object(Symfony\\Component\\Console\\Input\\ArgvInput), Object(Symfony\\Component\\Console\\Output\\ConsoleOutput))
#31 /home/fahmi/belajar-laravel/repair-phone/vendor/symfony/console/Application.php(224): Symfony\\Component\\Console\\Application->doRunCommand(Object(Illuminate\\Database\\Console\\Migrations\\RefreshCommand), Object(Symfony\\Component\\Console\\Input\\ArgvInput), Object(Symfony\\Component\\Console\\Output\\ConsoleOutput))
#32 /home/fahmi/belajar-laravel/repair-phone/vendor/symfony/console/Application.php(125): Symfony\\Component\\Console\\Application->doRun(Object(Symfony\\Component\\Console\\Input\\ArgvInput), Object(Symfony\\Component\\Console\\Output\\ConsoleOutput))
#33 /home/fahmi/belajar-laravel/repair-phone/vendor/laravel/framework/src/Illuminate/Console/Application.php(88): Symfony\\Component\\Console\\Application->run(Object(Symfony\\Component\\Console\\Input\\ArgvInput), Object(Symfony\\Component\\Console\\Output\\ConsoleOutput))
#34 /home/fahmi/belajar-laravel/repair-phone/vendor/laravel/framework/src/Illuminate/Foundation/Console/Kernel.php(121): Illuminate\\Console\\Application->run(Object(Symfony\\Component\\Console\\Input\\ArgvInput), Object(Symfony\\Component\\Console\\Output\\ConsoleOutput))
#35 /home/fahmi/belajar-laravel/repair-phone/artisan(37): Illuminate\\Foundation\\Console\\Kernel->handle(Object(Symfony\\Component\\Console\\Input\\ArgvInput), Object(Symfony\\Component\\Console\\Output\\ConsoleOutput))
#36 {main}
"} 
[2017-11-18 18:48:46] local.ERROR: Parse error: syntax error, unexpected '{' {"exception":"[object] (Symfony\\Component\\Debug\\Exception\\FatalThrowableError(code: 0): Parse error: syntax error, unexpected '{' at /home/fahmi/belajar-laravel/repair-phone/database/seeds/DatabaseSeeder.php:15)
[stacktrace]
#0 /home/fahmi/belajar-laravel/repair-phone/vendor/composer/ClassLoader.php(322): Composer\\Autoload\\includeFile('/home/fahmi/bel...')
#1 [internal function]: Composer\\Autoload\\ClassLoader->loadClass('DatabaseSeeder')
#2 [internal function]: spl_autoload_call('DatabaseSeeder')
#3 /home/fahmi/belajar-laravel/repair-phone/vendor/laravel/framework/src/Illuminate/Container/Container.php(752): ReflectionClass->__construct('DatabaseSeeder')
#4 /home/fahmi/belajar-laravel/repair-phone/vendor/laravel/framework/src/Illuminate/Container/Container.php(631): Illuminate\\Container\\Container->build('DatabaseSeeder')
#5 /home/fahmi/belajar-laravel/repair-phone/vendor/laravel/framework/src/Illuminate/Container/Container.php(586): Illuminate\\Container\\Container->resolve('DatabaseSeeder', Array)
#6 /home/fahmi/belajar-laravel/repair-phone/vendor/laravel/framework/src/Illuminate/Foundation/Application.php(721): Illuminate\\Container\\Container->make('DatabaseSeeder', Array)
#7 /home/fahmi/belajar-laravel/repair-phone/vendor/laravel/framework/src/Illuminate/Database/Console/Seeds/SeedCommand.php(74): Illuminate\\Foundation\\Application->make('DatabaseSeeder')
#8 /home/fahmi/belajar-laravel/repair-phone/vendor/laravel/framework/src/Illuminate/Database/Console/Seeds/SeedCommand.php(63): Illuminate\\Database\\Console\\Seeds\\SeedCommand->getSeeder()
#9 /home/fahmi/belajar-laravel/repair-phone/vendor/laravel/framework/src/Illuminate/Database/Eloquent/Concerns/GuardsAttributes.php(122): Illuminate\\Database\\Console\\Seeds\\SeedCommand->Illuminate\\Database\\Console\\Seeds\\{closure}()
#10 /home/fahmi/belajar-laravel/repair-phone/vendor/laravel/framework/src/Illuminate/Database/Console/Seeds/SeedCommand.php(64): Illuminate\\Database\\Eloquent\\Model::unguarded(Object(Closure))
#11 [internal function]: Illuminate\\Database\\Console\\Seeds\\SeedCommand->handle()
#12 /home/fahmi/belajar-laravel/repair-phone/vendor/laravel/framework/src/Illuminate/Container/BoundMethod.php(29): call_user_func_array(Array, Array)
#13 /home/fahmi/belajar-laravel/repair-phone/vendor/laravel/framework/src/Illuminate/Container/BoundMethod.php(87): Illuminate\\Container\\BoundMethod::Illuminate\\Container\\{closure}()
#14 /home/fahmi/belajar-laravel/repair-phone/vendor/laravel/framework/src/Illuminate/Container/BoundMethod.php(31): Illuminate\\Container\\BoundMethod::callBoundMethod(Object(Illuminate\\Foundation\\Application), Array, Object(Closure))
#15 /home/fahmi/belajar-laravel/repair-phone/vendor/laravel/framework/src/Illuminate/Container/Container.php(549): Illuminate\\Container\\BoundMethod::call(Object(Illuminate\\Foundation\\Application), Array, Array, NULL)
#16 /home/fahmi/belajar-laravel/repair-phone/vendor/laravel/framework/src/Illuminate/Console/Command.php(180): Illuminate\\Container\\Container->call(Array)
#17 /home/fahmi/belajar-laravel/repair-phone/vendor/symfony/console/Command/Command.php(262): Illuminate\\Console\\Command->execute(Object(Symfony\\Component\\Console\\Input\\ArrayInput), Object(Illuminate\\Console\\OutputStyle))
#18 /home/fahmi/belajar-laravel/repair-phone/vendor/laravel/framework/src/Illuminate/Console/Command.php(167): Symfony\\Component\\Console\\Command\\Command->run(Object(Symfony\\Component\\Console\\Input\\ArrayInput), Object(Illuminate\\Console\\OutputStyle))
#19 /home/fahmi/belajar-laravel/repair-phone/vendor/laravel/framework/src/Illuminate/Console/Command.php(195): Illuminate\\Console\\Command->run(Object(Symfony\\Component\\Console\\Input\\ArrayInput), Object(Illuminate\\Console\\OutputStyle))
#20 /home/fahmi/belajar-laravel/repair-phone/vendor/laravel/framework/src/Illuminate/Database/Console/Migrations/RefreshCommand.php(129): Illuminate\\Console\\Command->call('db:seed', Array)
#21 /home/fahmi/belajar-laravel/repair-phone/vendor/laravel/framework/src/Illuminate/Database/Console/Migrations/RefreshCommand.php(68): Illuminate\\Database\\Console\\Migrations\\RefreshCommand->runSeeder(NULL)
#22 [internal function]: Illuminate\\Database\\Console\\Migrations\\RefreshCommand->handle()
#23 /home/fahmi/belajar-laravel/repair-phone/vendor/laravel/framework/src/Illuminate/Container/BoundMethod.php(29): call_user_func_array(Array, Array)
#24 /home/fahmi/belajar-laravel/repair-phone/vendor/laravel/framework/src/Illuminate/Container/BoundMethod.php(87): Illuminate\\Container\\BoundMethod::Illuminate\\Container\\{closure}()
#25 /home/fahmi/belajar-laravel/repair-phone/vendor/laravel/framework/src/Illuminate/Container/BoundMethod.php(31): Illuminate\\Container\\BoundMethod::callBoundMethod(Object(Illuminate\\Foundation\\Application), Array, Object(Closure))
#26 /home/fahmi/belajar-laravel/repair-phone/vendor/laravel/framework/src/Illuminate/Container/Container.php(549): Illuminate\\Container\\BoundMethod::call(Object(Illuminate\\Foundation\\Application), Array, Array, NULL)
#27 /home/fahmi/belajar-laravel/repair-phone/vendor/laravel/framework/src/Illuminate/Console/Command.php(180): Illuminate\\Container\\Container->call(Array)
#28 /home/fahmi/belajar-laravel/repair-phone/vendor/symfony/console/Command/Command.php(262): Illuminate\\Console\\Command->execute(Object(Symfony\\Component\\Console\\Input\\ArgvInput), Object(Illuminate\\Console\\OutputStyle))
#29 /home/fahmi/belajar-laravel/repair-phone/vendor/laravel/framework/src/Illuminate/Console/Command.php(167): Symfony\\Component\\Console\\Command\\Command->run(Object(Symfony\\Component\\Console\\Input\\ArgvInput), Object(Illuminate\\Console\\OutputStyle))
#30 /home/fahmi/belajar-laravel/repair-phone/vendor/symfony/console/Application.php(888): Illuminate\\Console\\Command->run(Object(Symfony\\Component\\Console\\Input\\ArgvInput), Object(Symfony\\Component\\Console\\Output\\ConsoleOutput))
#31 /home/fahmi/belajar-laravel/repair-phone/vendor/symfony/console/Application.php(224): Symfony\\Component\\Console\\Application->doRunCommand(Object(Illuminate\\Database\\Console\\Migrations\\RefreshCommand), Object(Symfony\\Component\\Console\\Input\\ArgvInput), Object(Symfony\\Component\\Console\\Output\\ConsoleOutput))
#32 /home/fahmi/belajar-laravel/repair-phone/vendor/symfony/console/Application.php(125): Symfony\\Component\\Console\\Application->doRun(Object(Symfony\\Component\\Console\\Input\\ArgvInput), Object(Symfony\\Component\\Console\\Output\\ConsoleOutput))
#33 /home/fahmi/belajar-laravel/repair-phone/vendor/laravel/framework/src/Illuminate/Console/Application.php(88): Symfony\\Component\\Console\\Application->run(Object(Symfony\\Component\\Console\\Input\\ArgvInput), Object(Symfony\\Component\\Console\\Output\\ConsoleOutput))
#34 /home/fahmi/belajar-laravel/repair-phone/vendor/laravel/framework/src/Illuminate/Foundation/Console/Kernel.php(121): Illuminate\\Console\\Application->run(Object(Symfony\\Component\\Console\\Input\\ArgvInput), Object(Symfony\\Component\\Console\\Output\\ConsoleOutput))
#35 /home/fahmi/belajar-laravel/repair-phone/artisan(37): Illuminate\\Foundation\\Console\\Kernel->handle(Object(Symfony\\Component\\Console\\Input\\ArgvInput), Object(Symfony\\Component\\Console\\Output\\ConsoleOutput))
#36 {main}
"} 
[2017-11-18 18:49:01] local.ERROR: Parse error: syntax error, unexpected '{' {"exception":"[object] (Symfony\\Component\\Debug\\Exception\\FatalThrowableError(code: 0): Parse error: syntax error, unexpected '{' at /home/fahmi/belajar-laravel/repair-phone/database/seeds/DatabaseSeeder.php:15)
[stacktrace]
#0 /home/fahmi/belajar-laravel/repair-phone/vendor/composer/ClassLoader.php(322): Composer\\Autoload\\includeFile('/home/fahmi/bel...')
#1 [internal function]: Composer\\Autoload\\ClassLoader->loadClass('DatabaseSeeder')
#2 [internal function]: spl_autoload_call('DatabaseSeeder')
#3 /home/fahmi/belajar-laravel/repair-phone/vendor/laravel/framework/src/Illuminate/Container/Container.php(752): ReflectionClass->__construct('DatabaseSeeder')
#4 /home/fahmi/belajar-laravel/repair-phone/vendor/laravel/framework/src/Illuminate/Container/Container.php(631): Illuminate\\Container\\Container->build('DatabaseSeeder')
#5 /home/fahmi/belajar-laravel/repair-phone/vendor/laravel/framework/src/Illuminate/Container/Container.php(586): Illuminate\\Container\\Container->resolve('DatabaseSeeder', Array)
#6 /home/fahmi/belajar-laravel/repair-phone/vendor/laravel/framework/src/Illuminate/Foundation/Application.php(721): Illuminate\\Container\\Container->make('DatabaseSeeder', Array)
#7 /home/fahmi/belajar-laravel/repair-phone/vendor/laravel/framework/src/Illuminate/Database/Console/Seeds/SeedCommand.php(74): Illuminate\\Foundation\\Application->make('DatabaseSeeder')
#8 /home/fahmi/belajar-laravel/repair-phone/vendor/laravel/framework/src/Illuminate/Database/Console/Seeds/SeedCommand.php(63): Illuminate\\Database\\Console\\Seeds\\SeedCommand->getSeeder()
#9 /home/fahmi/belajar-laravel/repair-phone/vendor/laravel/framework/src/Illuminate/Database/Eloquent/Concerns/GuardsAttributes.php(122): Illuminate\\Database\\Console\\Seeds\\SeedCommand->Illuminate\\Database\\Console\\Seeds\\{closure}()
#10 /home/fahmi/belajar-laravel/repair-phone/vendor/laravel/framework/src/Illuminate/Database/Console/Seeds/SeedCommand.php(64): Illuminate\\Database\\Eloquent\\Model::unguarded(Object(Closure))
#11 [internal function]: Illuminate\\Database\\Console\\Seeds\\SeedCommand->handle()
#12 /home/fahmi/belajar-laravel/repair-phone/vendor/laravel/framework/src/Illuminate/Container/BoundMethod.php(29): call_user_func_array(Array, Array)
#13 /home/fahmi/belajar-laravel/repair-phone/vendor/laravel/framework/src/Illuminate/Container/BoundMethod.php(87): Illuminate\\Container\\BoundMethod::Illuminate\\Container\\{closure}()
#14 /home/fahmi/belajar-laravel/repair-phone/vendor/laravel/framework/src/Illuminate/Container/BoundMethod.php(31): Illuminate\\Container\\BoundMethod::callBoundMethod(Object(Illuminate\\Foundation\\Application), Array, Object(Closure))
#15 /home/fahmi/belajar-laravel/repair-phone/vendor/laravel/framework/src/Illuminate/Container/Container.php(549): Illuminate\\Container\\BoundMethod::call(Object(Illuminate\\Foundation\\Application), Array, Array, NULL)
#16 /home/fahmi/belajar-laravel/repair-phone/vendor/laravel/framework/src/Illuminate/Console/Command.php(180): Illuminate\\Container\\Container->call(Array)
#17 /home/fahmi/belajar-laravel/repair-phone/vendor/symfony/console/Command/Command.php(262): Illuminate\\Console\\Command->execute(Object(Symfony\\Component\\Console\\Input\\ArrayInput), Object(Illuminate\\Console\\OutputStyle))
#18 /home/fahmi/belajar-laravel/repair-phone/vendor/laravel/framework/src/Illuminate/Console/Command.php(167): Symfony\\Component\\Console\\Command\\Command->run(Object(Symfony\\Component\\Console\\Input\\ArrayInput), Object(Illuminate\\Console\\OutputStyle))
#19 /home/fahmi/belajar-laravel/repair-phone/vendor/laravel/framework/src/Illuminate/Console/Command.php(195): Illuminate\\Console\\Command->run(Object(Symfony\\Component\\Console\\Input\\ArrayInput), Object(Illuminate\\Console\\OutputStyle))
#20 /home/fahmi/belajar-laravel/repair-phone/vendor/laravel/framework/src/Illuminate/Database/Console/Migrations/RefreshCommand.php(129): Illuminate\\Console\\Command->call('db:seed', Array)
#21 /home/fahmi/belajar-laravel/repair-phone/vendor/laravel/framework/src/Illuminate/Database/Console/Migrations/RefreshCommand.php(68): Illuminate\\Database\\Console\\Migrations\\RefreshCommand->runSeeder(NULL)
#22 [internal function]: Illuminate\\Database\\Console\\Migrations\\RefreshCommand->handle()
#23 /home/fahmi/belajar-laravel/repair-phone/vendor/laravel/framework/src/Illuminate/Container/BoundMethod.php(29): call_user_func_array(Array, Array)
#24 /home/fahmi/belajar-laravel/repair-phone/vendor/laravel/framework/src/Illuminate/Container/BoundMethod.php(87): Illuminate\\Container\\BoundMethod::Illuminate\\Container\\{closure}()
#25 /home/fahmi/belajar-laravel/repair-phone/vendor/laravel/framework/src/Illuminate/Container/BoundMethod.php(31): Illuminate\\Container\\BoundMethod::callBoundMethod(Object(Illuminate\\Foundation\\Application), Array, Object(Closure))
#26 /home/fahmi/belajar-laravel/repair-phone/vendor/laravel/framework/src/Illuminate/Container/Container.php(549): Illuminate\\Container\\BoundMethod::call(Object(Illuminate\\Foundation\\Application), Array, Array, NULL)
#27 /home/fahmi/belajar-laravel/repair-phone/vendor/laravel/framework/src/Illuminate/Console/Command.php(180): Illuminate\\Container\\Container->call(Array)
#28 /home/fahmi/belajar-laravel/repair-phone/vendor/symfony/console/Command/Command.php(262): Illuminate\\Console\\Command->execute(Object(Symfony\\Component\\Console\\Input\\ArgvInput), Object(Illuminate\\Console\\OutputStyle))
#29 /home/fahmi/belajar-laravel/repair-phone/vendor/laravel/framework/src/Illuminate/Console/Command.php(167): Symfony\\Component\\Console\\Command\\Command->run(Object(Symfony\\Component\\Console\\Input\\ArgvInput), Object(Illuminate\\Console\\OutputStyle))
#30 /home/fahmi/belajar-laravel/repair-phone/vendor/symfony/console/Application.php(888): Illuminate\\Console\\Command->run(Object(Symfony\\Component\\Console\\Input\\ArgvInput), Object(Symfony\\Component\\Console\\Output\\ConsoleOutput))
#31 /home/fahmi/belajar-laravel/repair-phone/vendor/symfony/console/Application.php(224): Symfony\\Component\\Console\\Application->doRunCommand(Object(Illuminate\\Database\\Console\\Migrations\\RefreshCommand), Object(Symfony\\Component\\Console\\Input\\ArgvInput), Object(Symfony\\Component\\Console\\Output\\ConsoleOutput))
#32 /home/fahmi/belajar-laravel/repair-phone/vendor/symfony/console/Application.php(125): Symfony\\Component\\Console\\Application->doRun(Object(Symfony\\Component\\Console\\Input\\ArgvInput), Object(Symfony\\Component\\Console\\Output\\ConsoleOutput))
#33 /home/fahmi/belajar-laravel/repair-phone/vendor/laravel/framework/src/Illuminate/Console/Application.php(88): Symfony\\Component\\Console\\Application->run(Object(Symfony\\Component\\Console\\Input\\ArgvInput), Object(Symfony\\Component\\Console\\Output\\ConsoleOutput))
#34 /home/fahmi/belajar-laravel/repair-phone/vendor/laravel/framework/src/Illuminate/Foundation/Console/Kernel.php(121): Illuminate\\Console\\Application->run(Object(Symfony\\Component\\Console\\Input\\ArgvInput), Object(Symfony\\Component\\Console\\Output\\ConsoleOutput))
#35 /home/fahmi/belajar-laravel/repair-phone/artisan(37): Illuminate\\Foundation\\Console\\Kernel->handle(Object(Symfony\\Component\\Console\\Input\\ArgvInput), Object(Symfony\\Component\\Console\\Output\\ConsoleOutput))
#36 {main}
"} 
[2017-11-18 18:49:40] local.ERROR: Parse error: syntax error, unexpected ''password'' (T_CONSTANT_ENCAPSED_STRING), expecting ']' {"exception":"[object] (Symfony\\Component\\Debug\\Exception\\FatalThrowableError(code: 0): Parse error: syntax error, unexpected ''password'' (T_CONSTANT_ENCAPSED_STRING), expecting ']' at /home/fahmi/belajar-laravel/repair-phone/database/seeds/DatabaseSeeder.php:18)
[stacktrace]
#0 /home/fahmi/belajar-laravel/repair-phone/vendor/composer/ClassLoader.php(322): Composer\\Autoload\\includeFile('/home/fahmi/bel...')
#1 [internal function]: Composer\\Autoload\\ClassLoader->loadClass('DatabaseSeeder')
#2 [internal function]: spl_autoload_call('DatabaseSeeder')
#3 /home/fahmi/belajar-laravel/repair-phone/vendor/laravel/framework/src/Illuminate/Container/Container.php(752): ReflectionClass->__construct('DatabaseSeeder')
#4 /home/fahmi/belajar-laravel/repair-phone/vendor/laravel/framework/src/Illuminate/Container/Container.php(631): Illuminate\\Container\\Container->build('DatabaseSeeder')
#5 /home/fahmi/belajar-laravel/repair-phone/vendor/laravel/framework/src/Illuminate/Container/Container.php(586): Illuminate\\Container\\Container->resolve('DatabaseSeeder', Array)
#6 /home/fahmi/belajar-laravel/repair-phone/vendor/laravel/framework/src/Illuminate/Foundation/Application.php(721): Illuminate\\Container\\Container->make('DatabaseSeeder', Array)
#7 /home/fahmi/belajar-laravel/repair-phone/vendor/laravel/framework/src/Illuminate/Database/Console/Seeds/SeedCommand.php(74): Illuminate\\Foundation\\Application->make('DatabaseSeeder')
#8 /home/fahmi/belajar-laravel/repair-phone/vendor/laravel/framework/src/Illuminate/Database/Console/Seeds/SeedCommand.php(63): Illuminate\\Database\\Console\\Seeds\\SeedCommand->getSeeder()
#9 /home/fahmi/belajar-laravel/repair-phone/vendor/laravel/framework/src/Illuminate/Database/Eloquent/Concerns/GuardsAttributes.php(122): Illuminate\\Database\\Console\\Seeds\\SeedCommand->Illuminate\\Database\\Console\\Seeds\\{closure}()
#10 /home/fahmi/belajar-laravel/repair-phone/vendor/laravel/framework/src/Illuminate/Database/Console/Seeds/SeedCommand.php(64): Illuminate\\Database\\Eloquent\\Model::unguarded(Object(Closure))
#11 [internal function]: Illuminate\\Database\\Console\\Seeds\\SeedCommand->handle()
#12 /home/fahmi/belajar-laravel/repair-phone/vendor/laravel/framework/src/Illuminate/Container/BoundMethod.php(29): call_user_func_array(Array, Array)
#13 /home/fahmi/belajar-laravel/repair-phone/vendor/laravel/framework/src/Illuminate/Container/BoundMethod.php(87): Illuminate\\Container\\BoundMethod::Illuminate\\Container\\{closure}()
#14 /home/fahmi/belajar-laravel/repair-phone/vendor/laravel/framework/src/Illuminate/Container/BoundMethod.php(31): Illuminate\\Container\\BoundMethod::callBoundMethod(Object(Illuminate\\Foundation\\Application), Array, Object(Closure))
#15 /home/fahmi/belajar-laravel/repair-phone/vendor/laravel/framework/src/Illuminate/Container/Container.php(549): Illuminate\\Container\\BoundMethod::call(Object(Illuminate\\Foundation\\Application), Array, Array, NULL)
#16 /home/fahmi/belajar-laravel/repair-phone/vendor/laravel/framework/src/Illuminate/Console/Command.php(180): Illuminate\\Container\\Container->call(Array)
#17 /home/fahmi/belajar-laravel/repair-phone/vendor/symfony/console/Command/Command.php(262): Illuminate\\Console\\Command->execute(Object(Symfony\\Component\\Console\\Input\\ArrayInput), Object(Illuminate\\Console\\OutputStyle))
#18 /home/fahmi/belajar-laravel/repair-phone/vendor/laravel/framework/src/Illuminate/Console/Command.php(167): Symfony\\Component\\Console\\Command\\Command->run(Object(Symfony\\Component\\Console\\Input\\ArrayInput), Object(Illuminate\\Console\\OutputStyle))
#19 /home/fahmi/belajar-laravel/repair-phone/vendor/laravel/framework/src/Illuminate/Console/Command.php(195): Illuminate\\Console\\Command->run(Object(Symfony\\Component\\Console\\Input\\ArrayInput), Object(Illuminate\\Console\\OutputStyle))
#20 /home/fahmi/belajar-laravel/repair-phone/vendor/laravel/framework/src/Illuminate/Database/Console/Migrations/RefreshCommand.php(129): Illuminate\\Console\\Command->call('db:seed', Array)
#21 /home/fahmi/belajar-laravel/repair-phone/vendor/laravel/framework/src/Illuminate/Database/Console/Migrations/RefreshCommand.php(68): Illuminate\\Database\\Console\\Migrations\\RefreshCommand->runSeeder(NULL)
#22 [internal function]: Illuminate\\Database\\Console\\Migrations\\RefreshCommand->handle()
#23 /home/fahmi/belajar-laravel/repair-phone/vendor/laravel/framework/src/Illuminate/Container/BoundMethod.php(29): call_user_func_array(Array, Array)
#24 /home/fahmi/belajar-laravel/repair-phone/vendor/laravel/framework/src/Illuminate/Container/BoundMethod.php(87): Illuminate\\Container\\BoundMethod::Illuminate\\Container\\{closure}()
#25 /home/fahmi/belajar-laravel/repair-phone/vendor/laravel/framework/src/Illuminate/Container/BoundMethod.php(31): Illuminate\\Container\\BoundMethod::callBoundMethod(Object(Illuminate\\Foundation\\Application), Array, Object(Closure))
#26 /home/fahmi/belajar-laravel/repair-phone/vendor/laravel/framework/src/Illuminate/Container/Container.php(549): Illuminate\\Container\\BoundMethod::call(Object(Illuminate\\Foundation\\Application), Array, Array, NULL)
#27 /home/fahmi/belajar-laravel/repair-phone/vendor/laravel/framework/src/Illuminate/Console/Command.php(180): Illuminate\\Container\\Container->call(Array)
#28 /home/fahmi/belajar-laravel/repair-phone/vendor/symfony/console/Command/Command.php(262): Illuminate\\Console\\Command->execute(Object(Symfony\\Component\\Console\\Input\\ArgvInput), Object(Illuminate\\Console\\OutputStyle))
#29 /home/fahmi/belajar-laravel/repair-phone/vendor/laravel/framework/src/Illuminate/Console/Command.php(167): Symfony\\Component\\Console\\Command\\Command->run(Object(Symfony\\Component\\Console\\Input\\ArgvInput), Object(Illuminate\\Console\\OutputStyle))
#30 /home/fahmi/belajar-laravel/repair-phone/vendor/symfony/console/Application.php(888): Illuminate\\Console\\Command->run(Object(Symfony\\Component\\Console\\Input\\ArgvInput), Object(Symfony\\Component\\Console\\Output\\ConsoleOutput))
#31 /home/fahmi/belajar-laravel/repair-phone/vendor/symfony/console/Application.php(224): Symfony\\Component\\Console\\Application->doRunCommand(Object(Illuminate\\Database\\Console\\Migrations\\RefreshCommand), Object(Symfony\\Component\\Console\\Input\\ArgvInput), Object(Symfony\\Component\\Console\\Output\\ConsoleOutput))
#32 /home/fahmi/belajar-laravel/repair-phone/vendor/symfony/console/Application.php(125): Symfony\\Component\\Console\\Application->doRun(Object(Symfony\\Component\\Console\\Input\\ArgvInput), Object(Symfony\\Component\\Console\\Output\\ConsoleOutput))
#33 /home/fahmi/belajar-laravel/repair-phone/vendor/laravel/framework/src/Illuminate/Console/Application.php(88): Symfony\\Component\\Console\\Application->run(Object(Symfony\\Component\\Console\\Input\\ArgvInput), Object(Symfony\\Component\\Console\\Output\\ConsoleOutput))
#34 /home/fahmi/belajar-laravel/repair-phone/vendor/laravel/framework/src/Illuminate/Foundation/Console/Kernel.php(121): Illuminate\\Console\\Application->run(Object(Symfony\\Component\\Console\\Input\\ArgvInput), Object(Symfony\\Component\\Console\\Output\\ConsoleOutput))
#35 /home/fahmi/belajar-laravel/repair-phone/artisan(37): Illuminate\\Foundation\\Console\\Kernel->handle(Object(Symfony\\Component\\Console\\Input\\ArgvInput), Object(Symfony\\Component\\Console\\Output\\ConsoleOutput))
#36 {main}
"} 
